\BOOKMARK [1][-]{Doc-Start}{\376\377\000R\000e\000s\000u\000m\000e\000n}{}% 1
\BOOKMARK [1][-]{Doc-Start}{\376\377\000A\000b\000s\000t\000r\000a\000c\000t}{}% 2
\BOOKMARK [1][-]{section.1}{\376\377\000I\000n\000t\000r\000o\000d\000u\000c\000c\000i\000\363\000n}{}% 3
\BOOKMARK [2][-]{subsection.1.1}{\376\377\000A\000n\000t\000e\000c\000e\000d\000e\000n\000t\000e\000s}{section.1}% 4
\BOOKMARK [3][-]{subsubsection.1.1.1}{\376\377\000A\000n\000t\000e\000c\000e\000d\000e\000n\000t\000e\000s\000\040\000d\000e\000\040\000l\000a\000\040\000e\000m\000p\000r\000e\000s\000a}{subsection.1.1}% 5
\BOOKMARK [4][-]{paragraph.1.1.1.1}{\376\377\000I\000n\000f\000o\000r\000m\000a\000c\000i\000\363\000n\000\040\000g\000e\000n\000e\000r\000a\000l\000\040\000d\000e\000l\000\040\000P\000J\000E\000T\000A\000M}{subsubsection.1.1.1}% 6
\BOOKMARK [4][-]{paragraph.1.1.1.2}{\376\377\000M\000i\000s\000i\000\363\000n}{subsubsection.1.1.1}% 7
\BOOKMARK [4][-]{paragraph.1.1.1.3}{\376\377\000V\000i\000s\000i\000\363\000n}{subsubsection.1.1.1}% 8
\BOOKMARK [4][-]{paragraph.1.1.1.4}{\376\377\000T\000r\000i\000b\000u\000n\000a\000l\000\040\000E\000l\000e\000c\000t\000r\000\363\000n\000i\000c\000o\000\040\000p\000a\000r\000a\000\040\000e\000l\000\040\000m\000a\000n\000e\000j\000o\000\040\000d\000e\000\040\000d\000a\000t\000o\000s\000\040\000d\000e\000l\000\040\000p\000e\000r\000s\000o\000n\000a\000l}{subsubsection.1.1.1}% 9
\BOOKMARK [3][-]{subsubsection.1.1.2}{\376\377\000A\000n\000t\000e\000c\000e\000d\000e\000n\000t\000e\000s\000\040\000t\000e\000\363\000r\000i\000c\000o\000s}{subsection.1.1}% 10
\BOOKMARK [4][-]{paragraph.1.1.2.1}{\376\377\000S\000i\000s\000t\000e\000m\000a\000s\000\040\000H\000e\000r\000e\000d\000a\000d\000o\000s\000\040\000\050\000L\000e\000g\000a\000c\000y\000\040\000S\000y\000s\000t\000e\000m\000s\000\051\000\040\000e\000n\000\040\000A\000d\000m\000i\000n\000i\000s\000t\000r\000a\000c\000i\000\363\000n\000\040\000P\000\372\000b\000l\000i\000c\000a}{subsubsection.1.1.2}% 11
\BOOKMARK [4][-]{paragraph.1.1.2.2}{\376\377\000L\000i\000m\000i\000t\000a\000c\000i\000o\000n\000e\000s\000\040\000T\000\351\000c\000n\000i\000c\000a\000s\000\040\000d\000e\000\040\000A\000S\000P\000.\000N\000E\000T\000\040\000W\000e\000b\000\040\000F\000o\000r\000m\000s}{subsubsection.1.1.2}% 12
\BOOKMARK [4][-]{paragraph.1.1.2.3}{\376\377\000I\000m\000p\000a\000c\000t\000o\000\040\000d\000e\000\040\000l\000a\000\040\000A\000r\000q\000u\000i\000t\000e\000c\000t\000u\000r\000a\000\040\000M\000o\000d\000e\000l\000o\000-\000V\000i\000s\000t\000a\000-\000C\000o\000n\000t\000r\000o\000l\000a\000d\000o\000r\000\040\000\050\000M\000V\000C\000\051}{subsubsection.1.1.2}% 13
\BOOKMARK [4][-]{paragraph.1.1.2.4}{\376\377\000T\000a\000b\000l\000a\000\040\000C\000o\000m\000p\000a\000r\000a\000t\000i\000v\000a\000\040\000d\000e\000\040\000T\000e\000c\000n\000o\000l\000o\000g\000\355\000a\000s}{subsubsection.1.1.2}% 14
\BOOKMARK [2][-]{subsection.1.2}{\376\377\000D\000e\000f\000i\000n\000i\000c\000i\000\363\000n\000\040\000d\000e\000l\000\040\000P\000r\000o\000b\000l\000e\000m\000a}{section.1}% 15
\BOOKMARK [2][-]{subsection.1.3}{\376\377\000O\000b\000j\000e\000t\000i\000v\000o\000s}{section.1}% 16
\BOOKMARK [3][-]{subsubsection.1.3.1}{\376\377\000O\000b\000j\000e\000t\000i\000v\000o\000\040\000G\000e\000n\000e\000r\000a\000l}{subsection.1.3}% 17
\BOOKMARK [3][-]{subsubsection.1.3.2}{\376\377\000O\000b\000j\000e\000t\000i\000v\000o\000s\000\040\000E\000s\000p\000e\000c\000\355\000f\000i\000c\000o\000s}{subsection.1.3}% 18
\BOOKMARK [2][-]{subsection.1.4}{\376\377\000J\000u\000s\000t\000i\000f\000i\000c\000a\000c\000i\000\363\000n}{section.1}% 19
\BOOKMARK [2][-]{subsection.1.5}{\376\377\000A\000l\000c\000a\000n\000c\000e\000s\000\040\000y\000\040\000L\000i\000m\000i\000t\000a\000c\000i\000o\000n\000e\000s}{section.1}% 20
\BOOKMARK [3][-]{subsubsection.1.5.1}{\376\377\000A\000l\000c\000a\000n\000c\000e\000s}{subsection.1.5}% 21
\BOOKMARK [3][-]{subsubsection.1.5.2}{\376\377\000L\000i\000m\000i\000t\000a\000c\000i\000o\000n\000e\000s}{subsection.1.5}% 22
\BOOKMARK [1][-]{section.2}{\376\377\000M\000a\000r\000c\000o\000\040\000T\000e\000\363\000r\000i\000c\000o}{}% 23
\BOOKMARK [2][-]{subsection.2.1}{\376\377\000M\000o\000d\000e\000r\000n\000i\000z\000a\000c\000i\000\363\000n\000\040\000d\000e\000\040\000S\000i\000s\000t\000e\000m\000a\000s}{section.2}% 24
\BOOKMARK [3][-]{subsubsection.2.1.1}{\376\377\000S\000i\000s\000t\000e\000m\000a\000s\000\040\000H\000e\000r\000e\000d\000a\000d\000o\000s\000\040\000\050\000L\000e\000g\000a\000c\000y\000\040\000S\000y\000s\000t\000e\000m\000s\000\051}{subsection.2.1}% 25
\BOOKMARK [2][-]{subsection.2.2}{\376\377\000E\000v\000o\000l\000u\000c\000i\000\363\000n\000\040\000d\000e\000\040\000l\000a\000s\000\040\000T\000e\000c\000n\000o\000l\000o\000g\000\355\000a\000s\000\040\000d\000e\000\040\000D\000e\000s\000a\000r\000r\000o\000l\000l\000o\000\040\000W\000e\000b\000\040\000e\000n\000\040\000M\000i\000c\000r\000o\000s\000o\000f\000t}{section.2}% 26
\BOOKMARK [3][-]{subsubsection.2.2.1}{\376\377\000L\000a\000\040\000E\000r\000a\000\040\000d\000e\000\040\000A\000S\000P\000.\000N\000E\000T\000\040\000W\000e\000b\000\040\000F\000o\000r\000m\000s}{subsection.2.2}% 27
\BOOKMARK [3][-]{subsubsection.2.2.2}{\376\377\000N\000u\000e\000v\000a\000\040\000G\000e\000n\000e\000r\000a\000c\000i\000\363\000n\000\040\000d\000e\000\040\000l\000a\000\040\000P\000l\000a\000t\000a\000f\000o\000r\000m\000a\000\040\000.\000N\000E\000T\000\040\000\050\000.\000N\000E\000T\000\040\000C\000o\000r\000e\000\040\000y\000\040\000.\000N\000E\000T\000\040\000m\000o\000d\000e\000r\000n\000o\000\051}{subsection.2.2}% 28
\BOOKMARK [2][-]{subsection.2.3}{\376\377\000P\000a\000t\000r\000o\000n\000e\000s\000\040\000d\000e\000\040\000D\000i\000s\000e\000\361\000o\000\040\000y\000\040\000A\000r\000q\000u\000i\000t\000e\000c\000t\000u\000r\000a\000\040\000d\000e\000\040\000S\000o\000f\000t\000w\000a\000r\000e}{section.2}% 29
\BOOKMARK [3][-]{subsubsection.2.3.1}{\376\377\000P\000a\000t\000r\000o\000n\000e\000s\000\040\000A\000r\000q\000u\000i\000t\000e\000c\000t\000\363\000n\000i\000c\000o\000s}{subsection.2.3}% 30
\BOOKMARK [4][-]{paragraph.2.3.1.1}{\376\377\000P\000a\000t\000r\000\363\000n\000\040\000M\000o\000d\000e\000l\000o\000-\000V\000i\000s\000t\000a\000-\000C\000o\000n\000t\000r\000o\000l\000a\000d\000o\000r\000\040\000\050\000M\000V\000C\000\051}{subsubsection.2.3.1}% 31
\BOOKMARK [2][-]{subsection.2.4}{\376\377\000S\000e\000g\000u\000r\000i\000d\000a\000d\000,\000\040\000A\000u\000t\000e\000n\000t\000i\000c\000a\000c\000i\000\363\000n\000\040\000e\000\040\000I\000n\000t\000e\000g\000r\000a\000c\000i\000\363\000n\000\040\000d\000e\000\040\000D\000a\000t\000o\000s}{section.2}% 32
\BOOKMARK [3][-]{subsubsection.2.4.1}{\376\377\000C\000o\000n\000t\000r\000o\000l\000\040\000d\000e\000\040\000A\000c\000c\000e\000s\000o\000\040\000B\000a\000s\000a\000d\000o\000\040\000e\000n\000\040\000R\000o\000l\000e\000s\000\040\000\050\000R\000B\000A\000C\000\051}{subsection.2.4}% 33
\BOOKMARK [3][-]{subsubsection.2.4.2}{\376\377\000I\000n\000t\000e\000g\000r\000a\000c\000i\000\363\000n\000\040\000d\000e\000\040\000S\000i\000s\000t\000e\000m\000a\000s\000\040\000m\000e\000d\000i\000a\000n\000t\000e\000\040\000A\000P\000I\000s}{subsection.2.4}% 34
\BOOKMARK [3][-]{subsubsection.2.4.3}{\376\377\000P\000e\000r\000s\000i\000s\000t\000e\000n\000c\000i\000a\000\040\000y\000\040\000M\000a\000p\000e\000o\000\040\000d\000e\000\040\000D\000a\000t\000o\000s}{subsection.2.4}% 35
\BOOKMARK [1][-]{section.3}{\376\377\000M\000e\000t\000o\000d\000o\000l\000o\000g\000\355\000a}{}% 36
\BOOKMARK [2][-]{subsection.3.1}{\376\377\000P\000r\000o\000p\000u\000e\000s\000t\000a\000\040\000d\000e\000\040\000S\000o\000l\000u\000c\000i\000\363\000n}{section.3}% 37
\BOOKMARK [3][-]{subsubsection.3.1.1}{\376\377\000B\000e\000n\000e\000f\000i\000c\000i\000o\000s}{subsection.3.1}% 38
\BOOKMARK [3][-]{subsubsection.3.1.2}{\376\377\000R\000e\000c\000u\000r\000s\000o\000s\000\040\000T\000\351\000c\000n\000i\000c\000o\000s\000\040\000y\000\040\000d\000e\000\040\000S\000o\000f\000t\000w\000a\000r\000e}{subsection.3.1}% 39
\BOOKMARK [2][-]{subsection.3.2}{\376\377\000D\000i\000s\000e\000\361\000o\000\040\000d\000e\000\040\000I\000n\000t\000e\000r\000f\000a\000z\000\040\000d\000e\000\040\000U\000s\000u\000a\000r\000i\000o}{section.3}% 40
\BOOKMARK [3][-]{subsubsection.3.2.1}{\376\377\000M\000o\000c\000k\000u\000p\000s\000\040\000y\000\040\000D\000i\000s\000e\000\361\000o\000s\000\040\000e\000n\000\040\000F\000i\000g\000m\000a}{subsection.3.2}% 41
\BOOKMARK [4][-]{paragraph.3.2.1.1}{\376\377\000P\000a\000n\000t\000a\000l\000l\000a\000\040\000d\000e\000\040\000I\000n\000i\000c\000i\000o\000\040\000d\000e\000\040\000S\000e\000s\000i\000\363\000n}{subsubsection.3.2.1}% 42
\BOOKMARK [4][-]{paragraph.3.2.1.2}{\376\377\000D\000a\000s\000h\000b\000o\000a\000r\000d}{subsubsection.3.2.1}% 43
\BOOKMARK [4][-]{paragraph.3.2.1.3}{\376\377\000F\000o\000r\000m\000u\000l\000a\000r\000i\000o\000\040\000d\000e\000\040\000D\000a\000t\000o\000s\000\040\000P\000e\000r\000s\000o\000n\000a\000l\000e\000s}{subsubsection.3.2.1}% 44
\BOOKMARK [4][-]{paragraph.3.2.1.4}{\376\377\000F\000o\000r\000m\000u\000l\000a\000r\000i\000o\000\040\000d\000e\000\040\000D\000a\000t\000o\000s\000\040\000d\000e\000\040\000H\000i\000j\000o\000s}{subsubsection.3.2.1}% 45
\BOOKMARK [4][-]{paragraph.3.2.1.5}{\376\377\000C\000o\000m\000p\000r\000o\000b\000a\000n\000t\000e}{subsubsection.3.2.1}% 46
\BOOKMARK [2][-]{subsection.3.3}{\376\377\000D\000e\000s\000a\000r\000r\000o\000l\000l\000o\000\040\000d\000e\000l\000\040\000S\000i\000s\000t\000e\000m\000a}{section.3}% 47
\BOOKMARK [3][-]{subsubsection.3.3.1}{\376\377\000D\000i\000a\000g\000r\000a\000m\000a\000s\000\040\000d\000e\000\040\000C\000a\000s\000o\000s\000\040\000d\000e\000\040\000U\000s\000o}{subsection.3.3}% 48
\BOOKMARK [3][-]{subsubsection.3.3.2}{\376\377\000D\000i\000a\000g\000r\000a\000m\000a\000s\000\040\000d\000e\000\040\000B\000a\000s\000e\000s\000\040\000d\000e\000\040\000D\000a\000t\000o\000s}{subsection.3.3}% 49
\BOOKMARK [3][-]{subsubsection.3.3.3}{\376\377\000D\000i\000a\000g\000r\000a\000m\000a\000s\000\040\000d\000e\000\040\000A\000c\000t\000i\000v\000i\000d\000a\000d\000e\000s}{subsection.3.3}% 50
\BOOKMARK [3][-]{subsubsection.3.3.4}{\376\377\000D\000i\000a\000g\000r\000a\000m\000a\000s\000\040\000d\000e\000\040\000S\000e\000c\000u\000e\000n\000c\000i\000a}{subsection.3.3}% 51
\BOOKMARK [1][-]{section.4}{\376\377\000R\000e\000s\000u\000l\000t\000a\000d\000o\000s}{}% 52
\BOOKMARK [1][-]{section.5}{\376\377\000C\000o\000n\000c\000l\000u\000s\000i\000o\000n\000e\000s}{}% 53
\BOOKMARK [1][-]{section.5}{\376\377\000B\000i\000b\000l\000i\000o\000g\000r\000a\000f\000\355\000a}{}% 54
\BOOKMARK [1][-]{section.5}{\376\377\000A\000n\000e\000x\000o\000s}{}% 55
